# JRE version: Java(TM) SE Runtime Environment (8.0_241-b07) (build 1.8.0_241-b07)
# Java VM: Java HotSpot(TM) 64-Bit Server VM (25.241-b07 mixed mode windows-amd64 compressed oops)
Heap:
 PSYoungGen      total 149504K, used 129342K [0x00000000f5580000, 0x0000000100000000, 0x0000000100000000)
  eden space 132608K, 97% used [0x00000000f5580000,0x00000000fd3cf998,0x00000000fd700000)
  from space 16896K, 0% used [0x00000000fef80000,0x00000000fef80000,0x0000000100000000)
  to   space 20992K, 0% used [0x00000000fd700000,0x00000000fd700000,0x00000000feb80000)
 ParOldGen       total 232448K, used 38720K [0x00000000e0000000, 0x00000000ee300000, 0x00000000f5580000)
  object space 232448K, 16% used [0x00000000e0000000,0x00000000e25d0200,0x00000000ee300000)
 Metaspace       used 62225K, capacity 65280K, committed 65408K, reserved 1105920K
  class space    used 8800K, capacity 9525K, committed 9600K, reserved 1048576K
GC Heap History (10 events):
Event: 49.581 GC heap before
{Heap before GC invocations=9 (full 2):
 PSYoungGen      total 100864K, used 10702K [0x00000000f5580000, 0x00000000ff000000, 0x0000000100000000)
  eden space 88576K, 0% used [0x00000000f5580000,0x00000000f5580000,0x00000000fac00000)
  from space 12288K, 87% used [0x00000000fac00000,0x00000000fb673b78,0x00000000fb800000)
  to   space 12800K, 0% used [0x00000000fe380000,0x00000000fe380000,0x00000000ff000000)
 ParOldGen       total 175104K, used 7199K [0x00000000e0000000, 0x00000000eab00000, 0x00000000f5580000)
  object space 175104K, 4% used [0x00000000e0000000,0x00000000e0707d40,0x00000000eab00000)
 Metaspace       used 34268K, capacity 35336K, committed 35496K, reserved 1079296K
  class space    used 4819K, capacity 5099K, committed 5120K, reserved 1048576K
Event: 49.675 GC heap after
Heap after GC invocations=9 (full 2):
 PSYoungGen      total 100864K, used 0K [0x00000000f5580000, 0x00000000ff000000, 0x0000000100000000)
  eden space 88576K, 0% used [0x00000000f5580000,0x00000000f5580000,0x00000000fac00000)
  from space 12288K, 0% used [0x00000000fac00000,0x00000000fac00000,0x00000000fb800000)
  to   space 12800K, 0% used [0x00000000fe380000,0x00000000fe380000,0x00000000ff000000)
 ParOldGen       total 175104K, used 17027K [0x00000000e0000000, 0x00000000eab00000, 0x00000000f5580000)
  object space 175104K, 9% used [0x00000000e0000000,0x00000000e10a0ed0,0x00000000eab00000)
 Metaspace       used 34268K, capacity 35336K, committed 35496K, reserved 1079296K
  class space    used 4819K, capacity 5099K, committed 5120K, reserved 1048576K
}
Event: 55.623 GC heap before
{Heap before GC invocations=10 (full 2):
 PSYoungGen      total 100864K, used 88576K [0x00000000f5580000, 0x00000000ff000000, 0x0000000100000000)
  eden space 88576K, 100% used [0x00000000f5580000,0x00000000fac00000,0x00000000fac00000)
  from space 12288K, 0% used [0x00000000fac00000,0x00000000fac00000,0x00000000fb800000)
  to   space 12800K, 0% used [0x00000000fe380000,0x00000000fe380000,0x00000000ff000000)
 ParOldGen       total 175104K, used 17027K [0x00000000e0000000, 0x00000000eab00000, 0x00000000f5580000)
  object space 175104K, 9% used [0x00000000e0000000,0x00000000e10a0ed0,0x00000000eab00000)
 Metaspace       used 42185K, capacity 43834K, committed 44160K, reserved 1087488K
  class space    used 5823K, capacity 6228K, committed 6272K, reserved 1048576K
Event: 55.642 GC heap after
Heap after GC invocations=10 (full 2):
 PSYoungGen      total 144896K, used 10977K [0x00000000f5580000, 0x00000000ff680000, 0x0000000100000000)
  eden space 132096K, 0% used [0x00000000f5580000,0x00000000f5580000,0x00000000fd680000)
  from space 12800K, 85% used [0x00000000fe380000,0x00000000fee38400,0x00000000ff000000)
  to   space 13312K, 0% used [0x00000000fd680000,0x00000000fd680000,0x00000000fe380000)
 ParOldGen       total 175104K, used 17035K [0x00000000e0000000, 0x00000000eab00000, 0x00000000f5580000)
  object space 175104K, 9% used [0x00000000e0000000,0x00000000e10a2ed0,0x00000000eab00000)
 Metaspace       used 42185K, capacity 43834K, committed 44160K, reserved 1087488K
  class space    used 5823K, capacity 6228K, committed 6272K, reserved 1048576K
}
Event: 77.335 GC heap before
{Heap before GC invocations=11 (full 2):
 PSYoungGen      total 144896K, used 143073K [0x00000000f5580000, 0x00000000ff680000, 0x0000000100000000)
  eden space 132096K, 100% used [0x00000000f5580000,0x00000000fd680000,0x00000000fd680000)
  from space 12800K, 85% used [0x00000000fe380000,0x00000000fee38400,0x00000000ff000000)
  to   space 13312K, 0% used [0x00000000fd680000,0x00000000fd680000,0x00000000fe380000)
 ParOldGen       total 175104K, used 17035K [0x00000000e0000000, 0x00000000eab00000, 0x00000000f5580000)
  object space 175104K, 9% used [0x00000000e0000000,0x00000000e10a2ed0,0x00000000eab00000)
 Metaspace       used 49218K, capacity 51324K, committed 51456K, reserved 1093632K
  class space    used 6839K, capacity 7357K, committed 7424K, reserved 1048576K
Event: 77.380 GC heap after
Heap after GC invocations=11 (full 2):
 PSYoungGen      total 145408K, used 13291K [0x00000000f5580000, 0x0000000100000000, 0x0000000100000000)
  eden space 132096K, 0% used [0x00000000f5580000,0x00000000f5580000,0x00000000fd680000)
  from space 13312K, 99% used [0x00000000fd680000,0x00000000fe37aec0,0x00000000fe380000)
  to   space 16896K, 0% used [0x00000000fef80000,0x00000000fef80000,0x0000000100000000)
 ParOldGen       total 175104K, used 22906K [0x00000000e0000000, 0x00000000eab00000, 0x00000000f5580000)
  object space 175104K, 13% used [0x00000000e0000000,0x00000000e165ebc0,0x00000000eab00000)
 Metaspace       used 49218K, capacity 51324K, committed 51456K, reserved 1093632K
  class space    used 6839K, capacity 7357K, committed 7424K, reserved 1048576K
}
Event: 80.680 GC heap before
{Heap before GC invocations=12 (full 2):
 PSYoungGen      total 145408K, used 116203K [0x00000000f5580000, 0x0000000100000000, 0x0000000100000000)
  eden space 132096K, 77% used [0x00000000f5580000,0x00000000fb9ffe78,0x00000000fd680000)
  from space 13312K, 99% used [0x00000000fd680000,0x00000000fe37aec0,0x00000000fe380000)
  to   space 16896K, 0% used [0x00000000fef80000,0x00000000fef80000,0x0000000100000000)
 ParOldGen       total 175104K, used 22906K [0x00000000e0000000, 0x00000000eab00000, 0x00000000f5580000)
  object space 175104K, 13% used [0x00000000e0000000,0x00000000e165ebc0,0x00000000eab00000)
 Metaspace       used 56579K, capacity 59082K, committed 59160K, reserved 1099776K
  class space    used 7926K, capacity 8556K, committed 8576K, reserved 1048576K
Event: 80.723 GC heap after
Heap after GC invocations=12 (full 2):
 PSYoungGen      total 149504K, used 16882K [0x00000000f5580000, 0x0000000100000000, 0x0000000100000000)
  eden space 132608K, 0% used [0x00000000f5580000,0x00000000f5580000,0x00000000fd700000)
  from space 16896K, 99% used [0x00000000fef80000,0x00000000ffffc860,0x0000000100000000)
  to   space 20992K, 0% used [0x00000000fd700000,0x00000000fd700000,0x00000000feb80000)
 ParOldGen       total 175104K, used 29454K [0x00000000e0000000, 0x00000000eab00000, 0x00000000f5580000)
  object space 175104K, 16% used [0x00000000e0000000,0x00000000e1cc3b78,0x00000000eab00000)
 Metaspace       used 56579K, capacity 59082K, committed 59160K, reserved 1099776K
  class space    used 7926K, capacity 8556K, committed 8576K, reserved 1048576K
}
Event: 80.723 GC heap before
{Heap before GC invocations=13 (full 3):
 PSYoungGen      total 149504K, used 16882K [0x00000000f5580000, 0x0000000100000000, 0x0000000100000000)
  eden space 132608K, 0% used [0x00000000f5580000,0x00000000f5580000,0x00000000fd700000)
  from space 16896K, 99% used [0x00000000fef80000,0x00000000ffffc860,0x0000000100000000)
  to   space 20992K, 0% used [0x00000000fd700000,0x00000000fd700000,0x00000000feb80000)
 ParOldGen       total 175104K, used 29454K [0x00000000e0000000, 0x00000000eab00000, 0x00000000f5580000)
  object space 175104K, 16% used [0x00000000e0000000,0x00000000e1cc3b78,0x00000000eab00000)
 Metaspace       used 56579K, capacity 59082K, committed 59160K, reserved 1099776K
  class space    used 7926K, capacity 8556K, committed 8576K, reserved 1048576K
Event: 81.182 GC heap after
Heap after GC invocations=13 (full 3):
 PSYoungGen      total 149504K, used 0K [0x00000000f5580000, 0x0000000100000000, 0x0000000100000000)
  eden space 132608K, 0% used [0x00000000f5580000,0x00000000f5580000,0x00000000fd700000)
  from space 16896K, 0% used [0x00000000fef80000,0x00000000fef80000,0x0000000100000000)
  to   space 20992K, 0% used [0x00000000fd700000,0x00000000fd700000,0x00000000feb80000)
 ParOldGen       total 232448K, used 38720K [0x00000000e0000000, 0x00000000ee300000, 0x00000000f5580000)
  object space 232448K, 16% used [0x00000000e0000000,0x00000000e25d0200,0x00000000ee300000)
 Metaspace       used 56558K, capacity 59010K, committed 59160K, reserved 1099776K
  class space    used 7919K, capacity 8544K, committed 8576K, reserved 1048576K
}

